Replace Part BT1 PIN 3V in D:\Altium\Basic_Course\Dong_ho_thoi_gian_thuc\Thoi_gian_thuc.SchDoc with PIN 3V from APESLAB.SchLib
Replace Part C1 CN-ALU-DIP in D:\Altium\Basic_Course\Dong_ho_thoi_gian_thuc\Thoi_gian_thuc.SchDoc with CN-ALU-DIP from APESLAB.SchLib
Replace Part C2 Cap in D:\Altium\Basic_Course\Dong_ho_thoi_gian_thuc\Thoi_gian_thuc.SchDoc with Cap from APESLAB.SchLib
Replace Part C3 Cap in D:\Altium\Basic_Course\Dong_ho_thoi_gian_thuc\Thoi_gian_thuc.SchDoc with Cap from APESLAB.SchLib
Replace Part C4 Cap in D:\Altium\Basic_Course\Dong_ho_thoi_gian_thuc\Thoi_gian_thuc.SchDoc with Cap from APESLAB.SchLib
Replace Part C5 Cap in D:\Altium\Basic_Course\Dong_ho_thoi_gian_thuc\Thoi_gian_thuc.SchDoc with Cap from APESLAB.SchLib
Replace Part C6 Cap in D:\Altium\Basic_Course\Dong_ho_thoi_gian_thuc\Thoi_gian_thuc.SchDoc with Cap from APESLAB.SchLib
Replace Part C7 Cap in D:\Altium\Basic_Course\Dong_ho_thoi_gian_thuc\Thoi_gian_thuc.SchDoc with Cap from APESLAB.SchLib
Replace Part C8 Cap in D:\Altium\Basic_Course\Dong_ho_thoi_gian_thuc\Thoi_gian_thuc.SchDoc with Cap from APESLAB.SchLib
Replace Part C9 CN-ALU-DIP in D:\Altium\Basic_Course\Dong_ho_thoi_gian_thuc\Thoi_gian_thuc.SchDoc with CN-ALU-DIP from APESLAB.SchLib
Replace Part C10 Cap in D:\Altium\Basic_Course\Dong_ho_thoi_gian_thuc\Thoi_gian_thuc.SchDoc with Cap from APESLAB.SchLib
Replace Part C11 Cap in D:\Altium\Basic_Course\Dong_ho_thoi_gian_thuc\Thoi_gian_thuc.SchDoc with Cap from APESLAB.SchLib
Replace Part D1 Diode in D:\Altium\Basic_Course\Dong_ho_thoi_gian_thuc\Thoi_gian_thuc.SchDoc with Diode from APESLAB.SchLib
Replace Part D2 Diode 1N4148 in D:\Altium\Basic_Course\Dong_ho_thoi_gian_thuc\Thoi_gian_thuc.SchDoc with Diode 1N4148 from APESLAB.SchLib
Replace Part JDC DCIN in D:\Altium\Basic_Course\Dong_ho_thoi_gian_thuc\Thoi_gian_thuc.SchDoc with DCIN from APESLAB.SchLib
Replace Part LED1 LED in D:\Altium\Basic_Course\Dong_ho_thoi_gian_thuc\Thoi_gian_thuc.SchDoc with LED from APESLAB.SchLib
Replace Part LED2 LED in D:\Altium\Basic_Course\Dong_ho_thoi_gian_thuc\Thoi_gian_thuc.SchDoc with LED from APESLAB.SchLib
Replace Part LED3 LED in D:\Altium\Basic_Course\Dong_ho_thoi_gian_thuc\Thoi_gian_thuc.SchDoc with LED from APESLAB.SchLib
Replace Part LED4 LED in D:\Altium\Basic_Course\Dong_ho_thoi_gian_thuc\Thoi_gian_thuc.SchDoc with LED from APESLAB.SchLib
Replace Part LED5 LED smd in D:\Altium\Basic_Course\Dong_ho_thoi_gian_thuc\Thoi_gian_thuc.SchDoc with LED smd from APESLAB.SchLib
Replace Part LM1 LM78xx in D:\Altium\Basic_Course\Dong_ho_thoi_gian_thuc\Thoi_gian_thuc.SchDoc with LM78xx from APESLAB.SchLib
Replace Part LS1 Speaker in D:\Altium\Basic_Course\Dong_ho_thoi_gian_thuc\Thoi_gian_thuc.SchDoc with Speaker from APESLAB.SchLib
Replace Part R6 Res-SMD in D:\Altium\Basic_Course\Dong_ho_thoi_gian_thuc\Thoi_gian_thuc.SchDoc with Res-SMD from APESLAB.SchLib
Replace Part R12 Res-SMD in D:\Altium\Basic_Course\Dong_ho_thoi_gian_thuc\Thoi_gian_thuc.SchDoc with Res-SMD from APESLAB.SchLib
Replace Part R13 Res-SMD in D:\Altium\Basic_Course\Dong_ho_thoi_gian_thuc\Thoi_gian_thuc.SchDoc with Res-SMD from APESLAB.SchLib
Replace Part R18 Res-SMD in D:\Altium\Basic_Course\Dong_ho_thoi_gian_thuc\Thoi_gian_thuc.SchDoc with Res-SMD from APESLAB.SchLib
Replace Part R19 Res-SMD in D:\Altium\Basic_Course\Dong_ho_thoi_gian_thuc\Thoi_gian_thuc.SchDoc with Res-SMD from APESLAB.SchLib
Replace Part R20 Res-SMD in D:\Altium\Basic_Course\Dong_ho_thoi_gian_thuc\Thoi_gian_thuc.SchDoc with Res-SMD from APESLAB.SchLib
Replace Part R21 Res-SMD in D:\Altium\Basic_Course\Dong_ho_thoi_gian_thuc\Thoi_gian_thuc.SchDoc with Res-SMD from APESLAB.SchLib
Replace Part R22 Res-SMD in D:\Altium\Basic_Course\Dong_ho_thoi_gian_thuc\Thoi_gian_thuc.SchDoc with Res-SMD from APESLAB.SchLib
Replace Part R23 Res-SMD in D:\Altium\Basic_Course\Dong_ho_thoi_gian_thuc\Thoi_gian_thuc.SchDoc with Res-SMD from APESLAB.SchLib
Replace Part R24 Res-SMD in D:\Altium\Basic_Course\Dong_ho_thoi_gian_thuc\Thoi_gian_thuc.SchDoc with Res-SMD from APESLAB.SchLib
Replace Part R30 Res-SMD in D:\Altium\Basic_Course\Dong_ho_thoi_gian_thuc\Thoi_gian_thuc.SchDoc with Res-SMD from APESLAB.SchLib
Replace Part RPB1 RN8 in D:\Altium\Basic_Course\Dong_ho_thoi_gian_thuc\Thoi_gian_thuc.SchDoc with RN8 from APESLAB.SchLib
Replace Part SW1 SW2 in D:\Altium\Basic_Course\Dong_ho_thoi_gian_thuc\Thoi_gian_thuc.SchDoc with SW2 from APESLAB.SchLib
Replace Part Tran1 C1815 in D:\Altium\Basic_Course\Dong_ho_thoi_gian_thuc\Thoi_gian_thuc.SchDoc with C1815 from APESLAB.SchLib
Replace Part Tran2 C1815 in D:\Altium\Basic_Course\Dong_ho_thoi_gian_thuc\Thoi_gian_thuc.SchDoc with C1815 from APESLAB.SchLib
Replace Part U1 AT89S52-24AU in D:\Altium\Basic_Course\Dong_ho_thoi_gian_thuc\Thoi_gian_thuc.SchDoc with AT89S52-24AU from APESLAB.SchLib
Replace Part U2 ds1307 in D:\Altium\Basic_Course\Dong_ho_thoi_gian_thuc\Thoi_gian_thuc.SchDoc with ds1307 from APESLAB.SchLib
Replace Part X1 XT2_1 in D:\Altium\Basic_Course\Dong_ho_thoi_gian_thuc\Thoi_gian_thuc.SchDoc with XT2_1 from APESLAB.SchLib
Replace Part X2 XT2_1 in D:\Altium\Basic_Course\Dong_ho_thoi_gian_thuc\Thoi_gian_thuc.SchDoc with XT2_1 from APESLAB.SchLib
